{
  "stats": {
    "suites": 3,
    "tests": 3,
    "passes": 3,
    "pending": 0,
    "failures": 0,
    "start": "2025-08-08T17:58:36.851Z",
    "end": "2025-08-08T17:58:36.856Z",
    "duration": 5,
    "testsRegistered": 3,
    "passPercent": 100,
    "pendingPercent": 0,
    "other": 0,
    "hasOther": false,
    "skipped": 0,
    "hasSkipped": false
  },
  "results": [
    {
      "uuid": "2fdfc558-61ab-4364-9555-0e3c34912a15",
      "title": "",
      "fullFile": "C:\\repositorio\\Aula M22\\UI Testing Patterns - Page Objects\\test\\calculadora.test.js",
      "file": "\\test\\calculadora.test.js",
      "beforeHooks": [],
      "afterHooks": [],
      "tests": [],
      "suites": [
        {
          "uuid": "efd4190c-2691-4274-974f-3237a8050f92",
          "title": "Operações de uma Calculadora Simples",
          "fullFile": "C:\\repositorio\\Aula M22\\UI Testing Patterns - Page Objects\\test\\calculadora.test.js",
          "file": "\\test\\calculadora.test.js",
          "beforeHooks": [],
          "afterHooks": [],
          "tests": [],
          "suites": [
            {
              "uuid": "308ef293-1f2e-4784-961e-c9f9735798f2",
              "title": "Função de Soma",
              "fullFile": "C:\\repositorio\\Aula M22\\UI Testing Patterns - Page Objects\\test\\calculadora.test.js",
              "file": "\\test\\calculadora.test.js",
              "beforeHooks": [],
              "afterHooks": [],
              "tests": [
                {
                  "title": "deve retornar 4 quando somamos 2 + 2",
                  "fullTitle": "Operações de uma Calculadora Simples Função de Soma deve retornar 4 quando somamos 2 + 2",
                  "timedOut": false,
                  "duration": 0,
                  "state": "passed",
                  "speed": "fast",
                  "pass": true,
                  "fail": false,
                  "pending": false,
                  "context": null,
                  "code": "const resultado = 2 + 2;\nassert.strictEqual(resultado, 4); // Verifica se o resultado é estritamente igual a 4.",
                  "err": {},
                  "uuid": "6d88d533-353f-4bec-a53d-44ddfaf319f6",
                  "parentUUID": "308ef293-1f2e-4784-961e-c9f9735798f2",
                  "isHook": false,
                  "skipped": false
                },
                {
                  "title": "deve retornar 0 quando somamos -5 + 5",
                  "fullTitle": "Operações de uma Calculadora Simples Função de Soma deve retornar 0 quando somamos -5 + 5",
                  "timedOut": false,
                  "duration": 0,
                  "state": "passed",
                  "speed": "fast",
                  "pass": true,
                  "fail": false,
                  "pending": false,
                  "context": null,
                  "code": "const resultado = -5 + 5;\nassert.strictEqual(resultado, 0);",
                  "err": {},
                  "uuid": "46f9ef35-adbc-48f0-9d9e-2e560bd4d7b3",
                  "parentUUID": "308ef293-1f2e-4784-961e-c9f9735798f2",
                  "isHook": false,
                  "skipped": false
                }
              ],
              "suites": [],
              "passes": [
                "6d88d533-353f-4bec-a53d-44ddfaf319f6",
                "46f9ef35-adbc-48f0-9d9e-2e560bd4d7b3"
              ],
              "failures": [],
              "pending": [],
              "skipped": [],
              "duration": 0,
              "root": false,
              "rootEmpty": false,
              "_timeout": 2000
            },
            {
              "uuid": "46099d70-7004-43fa-8d1f-f02e1a8c5c58",
              "title": "Função de Multiplicação",
              "fullFile": "C:\\repositorio\\Aula M22\\UI Testing Patterns - Page Objects\\test\\calculadora.test.js",
              "file": "\\test\\calculadora.test.js",
              "beforeHooks": [],
              "afterHooks": [],
              "tests": [
                {
                  "title": "deve retornar 9 quando multiplicamos 3 * 3",
                  "fullTitle": "Operações de uma Calculadora Simples Função de Multiplicação deve retornar 9 quando multiplicamos 3 * 3",
                  "timedOut": false,
                  "duration": 1,
                  "state": "passed",
                  "speed": "fast",
                  "pass": true,
                  "fail": false,
                  "pending": false,
                  "context": null,
                  "code": "const resultado = 3 * 3;\nassert.strictEqual(resultado, 9);",
                  "err": {},
                  "uuid": "6a2106bf-5f69-4ea0-89b4-34f6628cb1fc",
                  "parentUUID": "46099d70-7004-43fa-8d1f-f02e1a8c5c58",
                  "isHook": false,
                  "skipped": false
                }
              ],
              "suites": [],
              "passes": [
                "6a2106bf-5f69-4ea0-89b4-34f6628cb1fc"
              ],
              "failures": [],
              "pending": [],
              "skipped": [],
              "duration": 1,
              "root": false,
              "rootEmpty": false,
              "_timeout": 2000
            }
          ],
          "passes": [],
          "failures": [],
          "pending": [],
          "skipped": [],
          "duration": 0,
          "root": false,
          "rootEmpty": false,
          "_timeout": 2000
        }
      ],
      "passes": [],
      "failures": [],
      "pending": [],
      "skipped": [],
      "duration": 0,
      "root": true,
      "rootEmpty": true,
      "_timeout": 2000
    }
  ],
  "meta": {
    "mocha": {
      "version": "11.7.1"
    },
    "mochawesome": {
      "options": {
        "quiet": false,
        "reportFilename": "mochawesome",
        "saveHtml": false,
        "saveJson": true,
        "consoleReporter": "spec",
        "useInlineDiffs": false,
        "code": true
      },
      "version": "7.1.3"
    },
    "marge": {
      "options": {
        "reportDir": "public",
        "overwrite": "false",
        "html": "false",
        "json": "true"
      },
      "version": "6.2.0"
    }
  }
}